Build started 9/17/2013 11:55:40 PM.
     1>Project "D:\My Documents\Programs\JotunEngine4\JotunEngine4\JotunEngine4.vcxproj" on node 2 (Build target(s)).
     1>ClCompile:
         C:\Program Files (x86)\Microsoft Visual Studio 12.0\VC\bin\AMD64\CL.exe /c /Zi /nologo /W3 /WX- /sdl /Od /D _MBCS /Gm /EHsc /RTC1 /MDd /GS /fp:precise /Zc:wchar_t /Zc:forScope /Fo"x64\Debug\\" /Fd"x64\Debug\vc120.pdb" /Gd /TP /errorReport:prompt TextureList.cpp main.cpp
         main.cpp
         Generating Code...
     1>d:\my documents\programs\jotunengine4\jotunengine4\main.cpp(53): warning C4715: 'init' : not all control paths return a value
         Compiling...
         TextureList.cpp
         Generating Code...
       Link:
         C:\Program Files (x86)\Microsoft Visual Studio 12.0\VC\bin\AMD64\link.exe /ERRORREPORT:PROMPT /OUT:"D:\My Documents\Programs\JotunEngine4\x64\Debug\JotunEngine4.exe" /INCREMENTAL /NOLOGO glfw3.lib glew32.lib opengl32.lib glu32.lib kernel32.lib user32.lib gdi32.lib winspool.lib comdlg32.lib advapi32.lib shell32.lib ole32.lib oleaut32.lib uuid.lib odbc32.lib odbccp32.lib kernel32.lib user32.lib gdi32.lib winspool.lib comdlg32.lib advapi32.lib shell32.lib ole32.lib oleaut32.lib uuid.lib odbc32.lib odbccp32.lib /MANIFEST /MANIFESTUAC:"level='asInvoker' uiAccess='false'" /manifest:embed /DEBUG /PDB:"D:\My Documents\Programs\JotunEngine4\x64\Debug\JotunEngine4.pdb" /TLBID:1 /DYNAMICBASE /NXCOMPAT /IMPLIB:"D:\My Documents\Programs\JotunEngine4\x64\Debug\JotunEngine4.lib" /MACHINE:X64 x64\Debug\Camera.obj
         x64\Debug\main.obj
         x64\Debug\Mesh.obj
         x64\Debug\Shader.obj
         x64\Debug\ShaderList.obj
         "x64\Debug\stb_image-1.16.obj"
         x64\Debug\Texture.obj
         x64\Debug\TextureList.obj
         JotunEngine4.vcxproj -> D:\My Documents\Programs\JotunEngine4\x64\Debug\JotunEngine4.exe
     1>Done Building Project "D:\My Documents\Programs\JotunEngine4\JotunEngine4\JotunEngine4.vcxproj" (Build target(s)).

Build succeeded.

Time Elapsed 00:00:02.58
